[Message:   BepInEx] BepInEx 5.4.22.0 - Lethal Company (19.11.2023 17:18:43)
[Info   :   BepInEx] Running under Unity v2022.3.9.15351836
[Info   :   BepInEx] CLR runtime version: 4.0.30319.42000
[Info   :   BepInEx] Supports SRE: True
[Info   :   BepInEx] System platform: Bits64, Windows
[Message:   BepInEx] Preloader started
[Info   :   BepInEx] Loaded 1 patcher method from [BepInEx.Preloader 5.4.22.0]
[Info   :   BepInEx] 1 patcher plugin loaded
[Info   :   BepInEx] Patching [UnityEngine.CoreModule] with [BepInEx.Chainloader]
[Message:   BepInEx] Preloader finished
[Message:   BepInEx] Chainloader ready
[Message:   BepInEx] Chainloader started
[Info   :   BepInEx] 4 plugins to load
[Info   :   BepInEx] Loading [AdditionalSuits 1.1.3]
[Info   :ACS.AdditionalSuits] AdditionalSuits - initializing...
[Info   :ACS.AdditionalSuits] AdditionalSuits - initialized!
[Info   :   BepInEx] Loading [BoomboxController 1.1.1]
[Info   :BoomboxController]  /$$$$$$$                                    /$$$$$$$                             /$$$$$$                        /$$                         /$$ /$$                    
[Info   :BoomboxController] | $$__  $$                                  | $$__  $$                           /$$__  $$                      | $$                        | $$| $$                    
[Info   :BoomboxController] | $$  \ $$  /$$$$$$   /$$$$$$  /$$$$$$/$$$$ | $$  \ $$  /$$$$$$  /$$   /$$      | $$  \__/  /$$$$$$  /$$$$$$$  /$$$$$$    /$$$$$$   /$$$$$$ | $$| $$  /$$$$$$   /$$$$$$ 
[Info   :BoomboxController] | $$$$$$$  /$$__  $$ /$$__  $$| $$_  $$_  $$| $$$$$$$  /$$__  $$|  $$ /$$/      | $$       /$$__  $$| $$__  $$|_  $$_/   /$$__  $$ /$$__  $$| $$| $$ /$$__  $$ /$$__  $$
[Info   :BoomboxController] | $$__  $$| $$  \ $$| $$  \ $$| $$ \ $$ \ $$| $$__  $$| $$  \ $$ \  $$$$/       | $$      | $$  \ $$| $$  \ $$  | $$    | $$  \__/| $$  \ $$| $$| $$| $$$$$$$$| $$  \__/
[Info   :BoomboxController] | $$  \ $$| $$  | $$| $$  | $$| $$ | $$ | $$| $$  \ $$| $$  | $$  >$$  $$       | $$    $$| $$  | $$| $$  | $$  | $$ /$$| $$      | $$  | $$| $$| $$| $$_____/| $$      
[Info   :BoomboxController] | $$$$$$$/|  $$$$$$/|  $$$$$$/| $$ | $$ | $$| $$$$$$$/|  $$$$$$/ /$$/\  $$      |  $$$$$$/|  $$$$$$/| $$  | $$  |  $$$$/| $$      |  $$$$$$/| $$| $$|  $$$$$$$| $$      
[Info   :BoomboxController] |_______/  \______/  \______/ |__/ |__/ |__/|_______/  \______/ |__/  \__/       \______/  \______/ |__/  |__/   \___/  |__/       \______/ |__/|__/ \_______/|__/      
[Info   :   BepInEx] Loading [MoreCompany 1.7.2]
[Info   :MoreCompany] Loading MoreCompany...
[Info   :MoreCompany] Checking: I:\SteamLibrary\steamapps\common\Lethal Company\BepInEx\plugins/MoreCompanyCosmetics
[Info   :MoreCompany] Creating cosmetics directory
[Info   :MoreCompany] Read settings and cosmetics
[Info   :MoreCompany] Loaded cosmetic: builtin.3dglasses from bundle
[Info   :MoreCompany] Loaded cosmetic: builtin.bunnyears from bundle
[Info   :MoreCompany] Loaded cosmetic: builtin.denimhat from bundle
[Info   :MoreCompany] Loaded cosmetic: builtin.fancyglasses from bundle
[Info   :MoreCompany] Loaded cosmetic: builtin.partyglasses from bundle
[Info   :MoreCompany] Loaded cosmetic: builtin.gunholster from bundle
[Info   :MoreCompany] Loaded cosmetic: builtin.hardhat from bundle
[Info   :MoreCompany] Loaded cosmetic: builtin.jesterhat from bundle
[Info   :MoreCompany] Loaded cosmetic: builtin.kittyears from bundle
[Info   :MoreCompany] Loaded cosmetic: builtin.mimemask from bundle
[Info   :MoreCompany] Loaded cosmetic: builtin.fancypants from bundle
[Info   :MoreCompany] Loaded cosmetic: builtin.outoforder from bundle
[Info   :MoreCompany] Loaded cosmetic: builtin.partyhat from bundle
[Info   :MoreCompany] Loaded cosmetic: builtin.plaguemask from bundle
[Info   :MoreCompany] Loaded cosmetic: builtin.propellerhat from bundle
[Info   :MoreCompany] Loaded cosmetic: builtin.eyeballs from bundle
[Info   :MoreCompany] Loaded cosmetic: builtin.rudolph from bundle
[Info   :MoreCompany] Loaded cosmetic: builtin.santahat from bundle
[Info   :MoreCompany] Loaded cosmetic: builtin.slimething from bundle
[Info   :MoreCompany] Loaded cosmetic: builtin.tophat from bundle
[Info   :MoreCompany] Loaded cosmetic: builtin.watch from bundle
[Info   :MoreCompany] Loading USER COSMETICS...
[Info   :MoreCompany] Loaded MoreCompany FULLY
[Info   :   BepInEx] Loading [Radio No Power 1.0.0.0]
[Info   :SYXZ.RadioNoPower] Radio No Power has awoken
[Message:   BepInEx] Chainloader startup complete
[Info   :ACS.AdditionalSuits] AdditionalSuits - attempting to parse json file: I:\SteamLibrary\steamapps\common\Lethal Company\BepInEx\plugins\resAdditionalSuits\suit-defs.json
[Info   :ACS.AdditionalSuits] AdditionalSuits - converting json file to manifest...
[Info   :ACS.AdditionalSuits] AdditionalSuits - attempting to parse json file:  items were found...
[Info   :ACS.AdditionalSuits] AdditionalSuits - processing custom suit {id=0_Red_Suit, name=Red Suit}...
[Info   :ACS.AdditionalSuits] AdditionalSuits - added custom suit {id=0_Red_Suit, name=Red Suit}!
[Info   :ACS.AdditionalSuits] AdditionalSuits - processing custom suit {id=1_Yellow_Suit, name=Yellow Suit}...
[Info   :ACS.AdditionalSuits] AdditionalSuits - added custom suit {id=1_Yellow_Suit, name=Yellow Suit}!
[Info   :ACS.AdditionalSuits] AdditionalSuits - processing custom suit {id=2_Green_Suit, name=Green Suit}...
[Info   :ACS.AdditionalSuits] AdditionalSuits - added custom suit {id=2_Green_Suit, name=Green Suit}!
[Info   :ACS.AdditionalSuits] AdditionalSuits - processing custom suit {id=3_Blue_Suit, name=Blue Suit}...
[Info   :ACS.AdditionalSuits] AdditionalSuits - added custom suit {id=3_Blue_Suit, name=Blue Suit}!
[Info   :ACS.AdditionalSuits] AdditionalSuits - processing custom suit {id=4_Purple_Suit, name=Purple Suit}...
[Info   :ACS.AdditionalSuits] AdditionalSuits - added custom suit {id=4_Purple_Suit, name=Purple Suit}!
[Info   :ACS.AdditionalSuits] AdditionalSuits - processing custom suit {id=5_Pink_Suit, name=Pink Suit}...
[Info   :ACS.AdditionalSuits] AdditionalSuits - added custom suit {id=5_Pink_Suit, name=Pink Suit}!
[Info   :ACS.AdditionalSuits] AdditionalSuits - processing custom suit {id=6_White_Suit, name=White Suit}...
[Info   :ACS.AdditionalSuits] AdditionalSuits - added custom suit {id=6_White_Suit, name=White Suit}!
[Info   :ACS.AdditionalSuits] AdditionalSuits - processing custom suit {id=7_Black_Suit, name=Black Suit}...
[Info   :ACS.AdditionalSuits] AdditionalSuits - added custom suit {id=7_Black_Suit, name=Black Suit}!
[Info   :ACS.AdditionalSuits] AdditionalSuits - loaded item defs from json file!
[Info   :BoomboxController] True startmusic
[Info   :BoomboxController] False startmusic
[Info   :BoomboxController] True startmusic
[Info   :BoomboxController] False startmusic
[Info   :BoomboxController] False startmusic
[Info   :BoomboxController] True startmusic
[Info   :BoomboxController] False startmusic
[Info   :BoomboxController] False startmusic
[Info   :BoomboxController] False startmusic
[Info   :BoomboxController] True startmusic
[Info   :BoomboxController] False startmusic
[Info   :BoomboxController] True startmusic
[Info   :BoomboxController] False startmusic
[Info   :BoomboxController] False startmusic
[Info   :BoomboxController] True startmusic
[Info   :BoomboxController] False startmusic
[Info   :BoomboxController] True startmusic
[Info   :BoomboxController] False startmusic
[Info   :BoomboxController] False startmusic
[Info   :BoomboxController] True startmusic
[Info   :BoomboxController] False startmusic
[Info   :BoomboxController] False startmusic
[Info   :BoomboxController] True startmusic
[Info   :BoomboxController] False startmusic
[Info   :BoomboxController] True startmusic
[Info   :BoomboxController] False startmusic
[Info   :BoomboxController] True startmusic
[Info   :BoomboxController] False startmusic
[Info   :BoomboxController] True startmusic
[Info   :BoomboxController] False startmusic
[Info   :BoomboxController] False startmusic
[Info   :BoomboxController] True startmusic
[Info   :BoomboxController] False startmusic
[Info   :BoomboxController] True startmusic
[Info   :BoomboxController] False startmusic
[Info   :BoomboxController] True startmusic
[Info   :BoomboxController] False startmusic
[Info   :BoomboxController] True startmusic
[Info   :BoomboxController] False startmusic
[Info   :BoomboxController] True startmusic
[Info   :BoomboxController] False startmusic
[Info   :BoomboxController] True startmusic
[Info   :BoomboxController] False startmusic
[Info   :BoomboxController] False startmusic
[Info   :BoomboxController] False startmusic
[Info   :BoomboxController] False startmusic
[Info   :BoomboxController] True startmusic
[Info   :BoomboxController] False startmusic
[Info   :BoomboxController] True startmusic
[Info   :BoomboxController] True startmusic
[Info   :BoomboxController] False startmusic
[Info   :BoomboxController] True startmusic
[Info   :BoomboxController] False startmusic
[Info   :BoomboxController] True startmusic
[Info   :BoomboxController] False startmusic
[Info   :BoomboxController] True startmusic
[Info   :BoomboxController] True startmusic
[Info   :BoomboxController] False startmusic
[Info   :BoomboxController] False startmusic
[Info   :BoomboxController] False startmusic
[Info   :BoomboxController] True startmusic
[Info   :BoomboxController] False startmusic
[Info   :BoomboxController] True startmusic
[Info   :BoomboxController] False startmusic
[Info   :BoomboxController] True startmusic
[Info   :BoomboxController] False startmusic
[Info   :BoomboxController] True startmusic
[Info   :BoomboxController] True startmusic
[Info   :BoomboxController] False startmusic
[Info   :BoomboxController] True startmusic
[Info   :BoomboxController] False startmusic
[Info   :BoomboxController] False startmusic
[Info   :BoomboxController] False startmusic
[Info   :BoomboxController] False startmusic
[Info   :BoomboxController] False startmusic
[Info   :BoomboxController] False startmusic
[Info   :BoomboxController] False startmusic
